[debug] [2021-05-09T16:17:32.672Z] ----------------------------------------------------------------------
[debug] [2021-05-09T16:17:32.674Z] Command:       /Users/takashiba/.nodebrew/node/v14.16.0/bin/node /Users/takashiba/.nodebrew/current/bin/firebase init
[debug] [2021-05-09T16:17:32.674Z] CLI Version:   9.10.2
[debug] [2021-05-09T16:17:32.674Z] Platform:      darwin
[debug] [2021-05-09T16:17:32.674Z] Node Version:  v14.16.0
[debug] [2021-05-09T16:17:32.675Z] Time:          Mon May 10 2021 01:17:32 GMT+0900 (日本標準時)
[debug] [2021-05-09T16:17:32.675Z] ----------------------------------------------------------------------
[debug] 
[debug] [2021-05-09T16:17:32.678Z] > command requires scopes: ["email","openid","https://www.googleapis.com/auth/cloudplatformprojects.readonly","https://www.googleapis.com/auth/firebase","https://www.googleapis.com/auth/cloud-platform"]
[debug] [2021-05-09T16:17:32.679Z] > authorizing via signed-in user (takao.sibasaki@gmail.com)
[info] 
     ######## #### ########  ######## ########     ###     ######  ########
     ##        ##  ##     ## ##       ##     ##  ##   ##  ##       ##
     ######    ##  ########  ######   ########  #########  ######  ######
     ##        ##  ##    ##  ##       ##     ## ##     ##       ## ##
     ##       #### ##     ## ######## ########  ##     ##  ######  ########

You're about to initialize a Firebase project in this directory:

  /Users/takashiba/Desktop/disney-plus-clone

[info] 
=== Project Setup
[info] 
[info] First, let's associate this project directory with a Firebase project.
[info] You can create multiple project aliases by running firebase use --add, 
[info] but for now we'll just set up a default project.
[info] 
[debug] [2021-05-09T16:17:42.578Z] > refreshing access token with scopes: []
[debug] [2021-05-09T16:17:42.579Z] >>> HTTP REQUEST POST https://www.googleapis.com/oauth2/v3/token  
 <request body omitted>
[debug] [2021-05-09T16:17:42.751Z] <<< HTTP RESPONSE 400 {"expires":"Mon, 01 Jan 1990 00:00:00 GMT","cache-control":"no-cache, no-store, max-age=0, must-revalidate","pragma":"no-cache","date":"Sun, 09 May 2021 16:17:42 GMT","content-type":"application/json; charset=utf-8","vary":"X-Origin, Referer, Origin,Accept-Encoding","server":"scaffolding on HTTPServer2","x-xss-protection":"0","x-frame-options":"SAMEORIGIN","x-content-type-options":"nosniff","alt-svc":"h3-29=\":443\"; ma=2592000,h3-T051=\":443\"; ma=2592000,h3-Q050=\":443\"; ma=2592000,h3-Q046=\":443\"; ma=2592000,h3-Q043=\":443\"; ma=2592000,quic=\":443\"; ma=2592000; v=\"46,43\"","accept-ranges":"none","transfer-encoding":"chunked"}
[debug] [2021-05-09T16:17:42.753Z] >>> [apiv2][query] GET https://firebase.googleapis.com/v1beta1/availableProjects pageSize=100
[debug] [2021-05-09T16:17:42.926Z] <<< [apiv2][status] GET https://firebase.googleapis.com/v1beta1/availableProjects 401
[debug] [2021-05-09T16:17:42.926Z] <<< [apiv2][body] GET https://firebase.googleapis.com/v1beta1/availableProjects [omitted]
[debug] [2021-05-09T16:17:42.927Z] HTTP Error: 401, Request had invalid authentication credentials. Expected OAuth 2 access token, login cookie or other valid authentication credential. See https://developers.google.com/identity/sign-in/web/devconsole-project.
[debug] [2021-05-09T16:17:43.027Z] FirebaseError: HTTP Error: 401, Request had invalid authentication credentials. Expected OAuth 2 access token, login cookie or other valid authentication credential. See https://developers.google.com/identity/sign-in/web/devconsole-project.
    at module.exports (/Users/takashiba/.nodebrew/node/v14.16.0/lib/node_modules/firebase-tools/lib/responseToError.js:38:12)
    at Client.doRequest (/Users/takashiba/.nodebrew/node/v14.16.0/lib/node_modules/firebase-tools/lib/apiv2.js:238:23)
    at processTicksAndRejections (internal/process/task_queues.js:93:5)
    at async Client.request (/Users/takashiba/.nodebrew/node/v14.16.0/lib/node_modules/firebase-tools/lib/apiv2.js:96:20)
    at async getProjectPage (/Users/takashiba/.nodebrew/node/v14.16.0/lib/node_modules/firebase-tools/lib/management/projects.js:233:17)
    at async getAvailableCloudProjectPage (/Users/takashiba/.nodebrew/node/v14.16.0/lib/node_modules/firebase-tools/lib/management/projects.js:265:16)
    at async Object.promptAvailableProjectId (/Users/takashiba/.nodebrew/node/v14.16.0/lib/node_modules/firebase-tools/lib/management/projects.js:143:41)
    at async promptAndAddFirebaseToCloudProject (/Users/takashiba/.nodebrew/node/v14.16.0/lib/node_modules/firebase-tools/lib/init/features/project.js:37:23)
    at async Object.doSetup [as project] (/Users/takashiba/.nodebrew/node/v14.16.0/lib/node_modules/firebase-tools/lib/init/features/project.js:87:27)
    at async init (/Users/takashiba/.nodebrew/node/v14.16.0/lib/node_modules/firebase-tools/lib/init/index.js:19:9)
[error] 
[error] Error: Failed to list available Google Cloud Platform projects. See firebase-debug.log for more info.
[debug] [2021-05-09T16:17:55.275Z] ----------------------------------------------------------------------
[debug] [2021-05-09T16:17:55.277Z] Command:       /Users/takashiba/.nodebrew/node/v14.16.0/bin/node /Users/takashiba/.nodebrew/current/bin/firebase init
[debug] [2021-05-09T16:17:55.277Z] CLI Version:   9.10.2
[debug] [2021-05-09T16:17:55.277Z] Platform:      darwin
[debug] [2021-05-09T16:17:55.277Z] Node Version:  v14.16.0
[debug] [2021-05-09T16:17:55.279Z] Time:          Mon May 10 2021 01:17:55 GMT+0900 (日本標準時)
[debug] [2021-05-09T16:17:55.279Z] ----------------------------------------------------------------------
[debug] 
[debug] [2021-05-09T16:17:55.284Z] > command requires scopes: ["email","openid","https://www.googleapis.com/auth/cloudplatformprojects.readonly","https://www.googleapis.com/auth/firebase","https://www.googleapis.com/auth/cloud-platform"]
[debug] [2021-05-09T16:17:55.284Z] > authorizing via signed-in user (takao.sibasaki@gmail.com)
[info] 
     ######## #### ########  ######## ########     ###     ######  ########
     ##        ##  ##     ## ##       ##     ##  ##   ##  ##       ##
     ######    ##  ########  ######   ########  #########  ######  ######
     ##        ##  ##    ##  ##       ##     ## ##     ##       ## ##
     ##       #### ##     ## ######## ########  ##     ##  ######  ########

You're about to initialize a Firebase project in this directory:

  /Users/takashiba/Desktop/disney-plus-clone

[info] 
=== Project Setup
[info] 
[info] First, let's associate this project directory with a Firebase project.
[info] You can create multiple project aliases by running firebase use --add, 
[info] but for now we'll just set up a default project.
[info] 
[debug] [2021-05-09T16:20:59.401Z] > refreshing access token with scopes: []
[debug] [2021-05-09T16:20:59.401Z] >>> HTTP REQUEST POST https://www.googleapis.com/oauth2/v3/token  
 <request body omitted>
[debug] [2021-05-09T16:20:59.550Z] <<< HTTP RESPONSE 400 {"expires":"Mon, 01 Jan 1990 00:00:00 GMT","pragma":"no-cache","date":"Sun, 09 May 2021 16:20:59 GMT","cache-control":"no-cache, no-store, max-age=0, must-revalidate","content-type":"application/json; charset=utf-8","vary":"X-Origin, Referer, Origin,Accept-Encoding","server":"scaffolding on HTTPServer2","x-xss-protection":"0","x-frame-options":"SAMEORIGIN","x-content-type-options":"nosniff","alt-svc":"h3-29=\":443\"; ma=2592000,h3-T051=\":443\"; ma=2592000,h3-Q050=\":443\"; ma=2592000,h3-Q046=\":443\"; ma=2592000,h3-Q043=\":443\"; ma=2592000,quic=\":443\"; ma=2592000; v=\"46,43\"","accept-ranges":"none","transfer-encoding":"chunked"}
[debug] [2021-05-09T16:20:59.552Z] >>> [apiv2][query] GET https://firebase.googleapis.com/v1beta1/projects pageSize=100
[debug] [2021-05-09T16:21:00.032Z] <<< [apiv2][status] GET https://firebase.googleapis.com/v1beta1/projects 401
[debug] [2021-05-09T16:21:00.032Z] <<< [apiv2][body] GET https://firebase.googleapis.com/v1beta1/projects [omitted]
[debug] [2021-05-09T16:21:00.032Z] HTTP Error: 401, Request had invalid authentication credentials. Expected OAuth 2 access token, login cookie or other valid authentication credential. See https://developers.google.com/identity/sign-in/web/devconsole-project.
[debug] [2021-05-09T16:21:00.130Z] FirebaseError: HTTP Error: 401, Request had invalid authentication credentials. Expected OAuth 2 access token, login cookie or other valid authentication credential. See https://developers.google.com/identity/sign-in/web/devconsole-project.
    at module.exports (/Users/takashiba/.nodebrew/node/v14.16.0/lib/node_modules/firebase-tools/lib/responseToError.js:38:12)
    at Client.doRequest (/Users/takashiba/.nodebrew/node/v14.16.0/lib/node_modules/firebase-tools/lib/apiv2.js:238:23)
    at processTicksAndRejections (internal/process/task_queues.js:93:5)
    at async Client.request (/Users/takashiba/.nodebrew/node/v14.16.0/lib/node_modules/firebase-tools/lib/apiv2.js:96:20)
    at async getProjectPage (/Users/takashiba/.nodebrew/node/v14.16.0/lib/node_modules/firebase-tools/lib/management/projects.js:233:17)
    at async getFirebaseProjectPage (/Users/takashiba/.nodebrew/node/v14.16.0/lib/node_modules/firebase-tools/lib/management/projects.js:250:23)
    at async selectProjectInteractively (/Users/takashiba/.nodebrew/node/v14.16.0/lib/node_modules/firebase-tools/lib/management/projects.js:95:41)
    at async Object.doSetup [as project] (/Users/takashiba/.nodebrew/node/v14.16.0/lib/node_modules/firebase-tools/lib/init/features/project.js:87:27)
    at async init (/Users/takashiba/.nodebrew/node/v14.16.0/lib/node_modules/firebase-tools/lib/init/index.js:19:9)
[error] 
[error] Error: Failed to list Firebase projects. See firebase-debug.log for more info.
[debug] [2021-05-09T16:21:42.894Z] ----------------------------------------------------------------------
[debug] [2021-05-09T16:21:42.895Z] Command:       /Users/takashiba/.nodebrew/node/v14.16.0/bin/node /Users/takashiba/.nodebrew/current/bin/firebase init
[debug] [2021-05-09T16:21:42.895Z] CLI Version:   9.10.2
[debug] [2021-05-09T16:21:42.895Z] Platform:      darwin
[debug] [2021-05-09T16:21:42.896Z] Node Version:  v14.16.0
[debug] [2021-05-09T16:21:42.897Z] Time:          Mon May 10 2021 01:21:42 GMT+0900 (日本標準時)
[debug] [2021-05-09T16:21:42.897Z] ----------------------------------------------------------------------
[debug] 
[debug] [2021-05-09T16:21:42.900Z] > command requires scopes: ["email","openid","https://www.googleapis.com/auth/cloudplatformprojects.readonly","https://www.googleapis.com/auth/firebase","https://www.googleapis.com/auth/cloud-platform"]
[debug] [2021-05-09T16:21:42.900Z] > authorizing via signed-in user (takao.sibasaki@gmail.com)
[info] 
     ######## #### ########  ######## ########     ###     ######  ########
     ##        ##  ##     ## ##       ##     ##  ##   ##  ##       ##
     ######    ##  ########  ######   ########  #########  ######  ######
     ##        ##  ##    ##  ##       ##     ## ##     ##       ## ##
     ##       #### ##     ## ######## ########  ##     ##  ######  ########

You're about to initialize a Firebase project in this directory:

  /Users/takashiba/Desktop/disney-plus-clone

[info] 
=== Project Setup
[info] 
[info] First, let's associate this project directory with a Firebase project.
[info] You can create multiple project aliases by running firebase use --add, 
[info] but for now we'll just set up a default project.
[info] 
[info] i  If you want to create a project in a Google Cloud organization or folder, please use "firebase projects:create" instead, and return to this command when you've created the project. 
[debug] [2021-05-09T16:22:58.285Z] > refreshing access token with scopes: ["email","https://www.googleapis.com/auth/cloud-platform","https://www.googleapis.com/auth/cloudplatformprojects.readonly","https://www.googleapis.com/auth/firebase","openid"]
[debug] [2021-05-09T16:22:58.285Z] >>> HTTP REQUEST POST https://www.googleapis.com/oauth2/v3/token  
 <request body omitted>
[debug] [2021-05-09T16:22:58.434Z] <<< HTTP RESPONSE 400 {"date":"Sun, 09 May 2021 16:22:58 GMT","expires":"Mon, 01 Jan 1990 00:00:00 GMT","cache-control":"no-cache, no-store, max-age=0, must-revalidate","pragma":"no-cache","content-type":"application/json; charset=utf-8","vary":"X-Origin, Referer, Origin,Accept-Encoding","server":"scaffolding on HTTPServer2","x-xss-protection":"0","x-frame-options":"SAMEORIGIN","x-content-type-options":"nosniff","alt-svc":"h3-29=\":443\"; ma=2592000,h3-T051=\":443\"; ma=2592000,h3-Q050=\":443\"; ma=2592000,h3-Q046=\":443\"; ma=2592000,h3-Q043=\":443\"; ma=2592000,quic=\":443\"; ma=2592000; v=\"46,43\"","accept-ranges":"none","transfer-encoding":"chunked"}
[debug] [2021-05-09T16:22:58.435Z] >>> HTTP REQUEST POST https://cloudresourcemanager.googleapis.com/v1/projects  
 {"projectId":"disney-plus-colne","name":"disney-plus-clone-f47b0"}
[debug] [2021-05-09T16:22:59.131Z] <<< HTTP RESPONSE 401 {"www-authenticate":"Bearer realm=\"https://accounts.google.com/\", error=\"invalid_token\"","vary":"X-Origin, Referer, Origin,Accept-Encoding","content-type":"application/json; charset=UTF-8","date":"Sun, 09 May 2021 16:22:59 GMT","server":"ESF","cache-control":"private","x-xss-protection":"0","x-frame-options":"SAMEORIGIN","x-content-type-options":"nosniff","server-timing":"gfet4t7; dur=584","alt-svc":"h3-29=\":443\"; ma=2592000,h3-T051=\":443\"; ma=2592000,h3-Q050=\":443\"; ma=2592000,h3-Q046=\":443\"; ma=2592000,h3-Q043=\":443\"; ma=2592000,quic=\":443\"; ma=2592000; v=\"46,43\"","accept-ranges":"none","transfer-encoding":"chunked"}
[debug] [2021-05-09T16:22:59.131Z] <<< HTTP RESPONSE BODY {"error":{"code":401,"message":"Request had invalid authentication credentials. Expected OAuth 2 access token, login cookie or other valid authentication credential. See https://developers.google.com/identity/sign-in/web/devconsole-project.","status":"UNAUTHENTICATED"}}
[debug] [2021-05-09T16:22:59.243Z] FirebaseError: HTTP Error: 401, Request had invalid authentication credentials. Expected OAuth 2 access token, login cookie or other valid authentication credential. See https://developers.google.com/identity/sign-in/web/devconsole-project.
    at module.exports (/Users/takashiba/.nodebrew/node/v14.16.0/lib/node_modules/firebase-tools/lib/responseToError.js:38:12)
    at Request._callback (/Users/takashiba/.nodebrew/node/v14.16.0/lib/node_modules/firebase-tools/lib/api.js:41:35)
    at Request.self.callback (/Users/takashiba/.nodebrew/node/v14.16.0/lib/node_modules/firebase-tools/node_modules/request/request.js:185:22)
    at Request.emit (events.js:315:20)
    at Request.EventEmitter.emit (domain.js:467:12)
    at Request.<anonymous> (/Users/takashiba/.nodebrew/node/v14.16.0/lib/node_modules/firebase-tools/node_modules/request/request.js:1154:10)
    at Request.emit (events.js:315:20)
    at Request.EventEmitter.emit (domain.js:467:12)
    at IncomingMessage.<anonymous> (/Users/takashiba/.nodebrew/node/v14.16.0/lib/node_modules/firebase-tools/node_modules/request/request.js:1076:12)
    at Object.onceWrapper (events.js:421:28)
    at IncomingMessage.emit (events.js:327:22)
    at IncomingMessage.EventEmitter.emit (domain.js:467:12)
    at endReadableNT (internal/streams/readable.js:1327:12)
    at processTicksAndRejections (internal/process/task_queues.js:80:21)
[error] 
[error] Error: Failed to create project. See firebase-debug.log for more info.
